#
# A fatal error has been detected by the Java Runtime Environment:
#
#  EXCEPTION_UNCAUGHT_CXX_EXCEPTION (0xe06d7363) at pc=0x00007ffa90ebf39c, pid=25240, tid=0x000000000000b6b4
#
# JRE version: Java(TM) SE Runtime Environment (8.0_401) (build 1.8.0_401-b10)
# Java VM: Java HotSpot(TM) 64-Bit Server VM (25.401-b10 mixed mode windows-amd64 compressed oops)
# Problematic frame:
# C  [KERNELBASE.dll+0x5f39c]
#
# Failed to write core dump. Minidumps are not enabled by default on client versions of Windows
#
# If you would like to submit a bug report, please visit:
#   http://bugreport.java.com/bugreport/crash.jsp
# The crash happened outside the Java Virtual Machine in native code.
# See problematic frame for where to report the bug.
#

---------------  T H R E A D  ---------------

Current thread (0x000001fc6f794000):  JavaThread "main" [_thread_in_native, id=46772, stack(0x000000a78b200000,0x000000a78b3f0000)]

siginfo: ExceptionCode=0xe06d7363, ExceptionInformation=0x0000000019930520 0x000000a78b3e0428 0x00007ff9ab7590a8 0x00007ff9ab6f0000 

Registers:
RAX=0x00000000000b0610, RBX=0x000000a78b3dfb00, RCX=0x00000001000016d0, RDX=0x00007ff9d5e79480
RSP=0x000000a78b3de040, RBP=0x000000a78b3de720, RSI=0x000000a78b3e02c0, RDI=0x000000a78b3deed0
R8 =0x00000000000b0610, R9 =0x00000000104773d0, R10=0x00007ff9d5ed97b8, R11=0x0000000000000001
R12=0x0000000000000000, R13=0x000000a78b3de1a8, R14=0x0000000000000002, R15=0x000000a78b3df038
RIP=0x00007ffa90ebf39c, EFLAGS=0x0000000000000206

Top of Stack: (sp=0x000000a78b3de040)
0x000000a78b3de040:   0000000000000000 000000a78b3dfb00
0x000000a78b3de050:   000000a78b3e02c0 00007ff9ab70bda1
0x000000a78b3de060:   00000081e06d7363 0000000000000000
0x000000a78b3de070:   00007ffa90ebf39c 0000000000000004
0x000000a78b3de080:   0000000019930520 000000a78b3e0428
0x000000a78b3de090:   00007ff9ab7590a8 00007ff9ab6f0000
0x000000a78b3de0a0:   0000ca8b72f98af7 00007ff9ab740382
0x000000a78b3de0b0:   000000a78b3dfb00 00007ffa75f13489
0x000000a78b3de0c0:   000000a700000000 00007ffa75f180e4
0x000000a78b3de0d0:   00007ffa88fe62b0 00007ffa88fe6280
0x000000a78b3de0e0:   000000a78b3deed0 00007ffa75f133c9
0x000000a78b3de0f0:   000000a78b3dfb00 000000a78b3e02c0
0x000000a78b3de100:   000095691ea3af26 00007ffa88fe6280
0x000000a78b3de110:   000000a78b3dfb00 00007ffa75f12743
0x000000a78b3de120:   00007ff9ab740340 000000a78b3df038
0x000000a78b3de130:   000001fc00000100 000001fc6f794000 

Instructions: (pc=0x00007ffa90ebf39c)
0x00007ffa90ebf37c:   0f 46 c0 44 8b c0 44 89 44 24 38 49 c1 e0 03 e8
0x00007ffa90ebf38c:   b7 22 07 00 48 8d 4c 24 20 48 ff 15 c4 56 20 00
0x00007ffa90ebf39c:   0f 1f 44 00 00 48 8b 8c 24 c0 00 00 00 48 33 cc
0x00007ffa90ebf3ac:   e8 7f 07 05 00 48 81 c4 d8 00 00 00 c3 cc 83 64 


Register to memory mapping:

RAX=0x00000000000b0610 is an unknown value
RBX=0x000000a78b3dfb00 is pointing into the stack for thread: 0x000001fc6f794000
RCX=0x00000001000016d0 is pointing into metadata
RDX=0x00007ff9d5e79480 is an unknown value
RSP=0x000000a78b3de040 is pointing into the stack for thread: 0x000001fc6f794000
RBP=0x000000a78b3de720 is pointing into the stack for thread: 0x000001fc6f794000
RSI=0x000000a78b3e02c0 is pointing into the stack for thread: 0x000001fc6f794000
RDI=0x000000a78b3deed0 is pointing into the stack for thread: 0x000001fc6f794000
R8 =0x00000000000b0610 is an unknown value
R9 =0x00000000104773d0 is an unknown value
R10=0x00007ff9d5ed97b8 is an unknown value
R11=0x0000000000000001 is an unknown value
R12=0x0000000000000000 is an unknown value
R13=0x000000a78b3de1a8 is pointing into the stack for thread: 0x000001fc6f794000
R14=0x0000000000000002 is an unknown value
R15=0x000000a78b3df038 is pointing into the stack for thread: 0x000001fc6f794000


Stack: [0x000000a78b200000,0x000000a78b3f0000],  sp=0x000000a78b3de040,  free space=1912k
Native frames: (J=compiled Java code, j=interpreted, Vv=VM code, C=native code)
C  [KERNELBASE.dll+0x5f39c]
C  [VCRUNTIME140_1.dll+0x2743]
C  [ntdll.dll+0xa4896]
C  0x00007ff9ab72c645
C  0x00007ff9ab72cec2
C  0x00007ff9ab71be0b
